<?xml version="1.0" encoding="UTF-8"?>
<!-- Generated by org.testng.reporters.JUnitXMLReporter -->
<testsuite ignored="4" hostname="Aman-Anand" failures="0" tests="2" name="Test-runner 3" time="60.983" errors="0" timestamp="2022-03-16T13:04:37 IST">
  <testcase classname="CreateOrganizationWithPOM.CreateorganizationTest" name="createorganizationTest" time="17.409"/>
  <testcase classname="campign.CreateCampign" name="createcampign" time="13.467"/>
  <testcase classname="com.crm.Autodesk.genericUtility.BaseClass" name="@BeforeSuite bs" time="0.0">
    <ignored/>
  </testcase> <!-- @BeforeSuite bs -->
  <testcase classname="com.crm.Autodesk.genericUtility.BaseClass" name="@BeforeTest bt" time="0.0">
    <ignored/>
  </testcase> <!-- @BeforeTest bt -->
  <testcase classname="com.crm.Autodesk.genericUtility.BaseClass" name="@AfterSuite as" time="0.0">
    <ignored/>
  </testcase> <!-- @AfterSuite as -->
  <testcase classname="com.crm.Autodesk.genericUtility.BaseClass" name="@AfterTest at" time="0.0">
    <ignored/>
  </testcase> <!-- @AfterTest at -->
</testsuite> <!-- Test-runner 3 -->
