<?xml version="1.0" encoding="UTF-8"?>
<!-- Generated by org.testng.reporters.JUnitXMLReporter -->
<testsuite ignored="0" hostname="Aman-Anand" failures="0" tests="1" name="Test-runner 6" time="33.875" errors="0" timestamp="2022-03-16T12:58:53 IST">
  <testcase classname="campign.CreateCampign" name="createcampign" time="18.683"/>
</testsuite> <!-- Test-runner 6 -->
