<?xml version="1.0" encoding="UTF-8"?>
<!-- Generated by org.testng.reporters.JUnitXMLReporter -->
<testsuite ignored="0" hostname="Aman-Anand" failures="0" tests="1" name="Test-runner 5" time="112.482" errors="0" timestamp="2022-03-16T12:58:33 IST">
  <testcase classname="CreateOrganizationWithPOM.CreateorganizationTest" name="createorganizationTest" time="45.161"/>
</testsuite> <!-- Test-runner 5 -->
