<?xml version="1.0" encoding="UTF-8"?>
<!-- Generated by org.testng.reporters.JUnitXMLReporter -->
<testsuite ignored="8" hostname="Aman-Anand" failures="0" tests="3" name="Test-runner 1" time="103.253" errors="0" timestamp="2022-03-16T13:13:35 IST">
  <testcase classname="conatact.CreateContact" name="createContact" time="13.329"/>
  <testcase classname="com.crm.autodesk.createOpportunitiesWithPOM.CreateOpportunitiesWithClickOnSalesStage" name="createopportunitywithclickonsale" time="20.947"/>
  <testcase classname="com.crm.autodesk.createOpportunitiesWithPOM.CreateOpportunitieswithGroupTeamsellingTest" name="createopportunitieswithgroup" time="23.778"/>
  <testcase classname="com.crm.Autodesk.genericUtility.BaseClass" name="@BeforeSuite bs" time="0.0">
    <ignored/>
  </testcase> <!-- @BeforeSuite bs -->
  <testcase classname="com.crm.Autodesk.genericUtility.BaseClass" name="@BeforeSuite bs" time="0.0">
    <ignored/>
  </testcase> <!-- @BeforeSuite bs -->
  <testcase classname="com.crm.Autodesk.genericUtility.BaseClass" name="@BeforeTest bt" time="0.0">
    <ignored/>
  </testcase> <!-- @BeforeTest bt -->
  <testcase classname="com.crm.Autodesk.genericUtility.BaseClass" name="@BeforeTest bt" time="0.0">
    <ignored/>
  </testcase> <!-- @BeforeTest bt -->
  <testcase classname="com.crm.Autodesk.genericUtility.BaseClass" name="@AfterSuite as" time="0.0">
    <ignored/>
  </testcase> <!-- @AfterSuite as -->
  <testcase classname="com.crm.Autodesk.genericUtility.BaseClass" name="@AfterSuite as" time="0.0">
    <ignored/>
  </testcase> <!-- @AfterSuite as -->
  <testcase classname="com.crm.Autodesk.genericUtility.BaseClass" name="@AfterTest at" time="0.0">
    <ignored/>
  </testcase> <!-- @AfterTest at -->
  <testcase classname="com.crm.Autodesk.genericUtility.BaseClass" name="@AfterTest at" time="0.0">
    <ignored/>
  </testcase> <!-- @AfterTest at -->
</testsuite> <!-- Test-runner 1 -->
