<?xml version="1.0" encoding="UTF-8"?>
<!-- Generated by org.testng.reporters.JUnitXMLReporter -->
<testsuite ignored="0" hostname="Aman-Anand" failures="0" tests="1" name="Test-runner 4" time="128.94" errors="0" timestamp="2022-03-16T12:58:49 IST">
  <testcase classname="com.crm.autodesk.contacttest.CreateContactWithOrganizationTest" name="createcontactwithOrg" time="65.076"/>
</testsuite> <!-- Test-runner 4 -->
