<?xml version="1.0" encoding="UTF-8"?>
<!-- Generated by org.testng.reporters.JUnitReportReporter -->
<testsuite hostname="Aman-Anand" failures="0" tests="1" name="selenium_practice.SelectTodayDateAndBookFlight" time="82.462" errors="0" timestamp="2022-03-11T10:16:09 IST" skipped="0">
  <testcase classname="selenium_practice.SelectTodayDateAndBookFlight" name="selectPresntDate" time="82.462"/>
  <system-out/>
</testsuite> <!-- selenium_practice.SelectTodayDateAndBookFlight -->
