<?xml version="1.0" encoding="UTF-8"?>
<!-- Generated by org.testng.reporters.JUnitReportReporter -->
<testsuite hostname="Aman-Anand" failures="0" tests="1" name="selenium_practice.CreateOrganizationandDelete" time="84.179" errors="0" timestamp="2022-03-14T15:23:08 IST" skipped="0">
  <testcase classname="selenium_practice.CreateOrganizationandDelete" name="createorganization" time="84.179"/>
  <system-out/>
</testsuite> <!-- selenium_practice.CreateOrganizationandDelete -->
