<?xml version="1.0" encoding="UTF-8"?>
<!-- Generated by org.testng.reporters.JUnitReportReporter -->
<testsuite hostname="Aman-Anand" failures="0" tests="1" name="practiceForTestNG.CreateOrganizationTest" time="0.012" errors="0" timestamp="2022-03-16T10:11:51 IST" skipped="0">
  <testcase classname="practiceForTestNG.CreateOrganizationTest" name="organizationwithContact" time="0.012"/>
  <system-out/>
</testsuite> <!-- practiceForTestNG.CreateOrganizationTest -->
