<?xml version="1.0" encoding="UTF-8"?>
<!-- Generated by org.testng.reporters.JUnitReportReporter -->
<testsuite hostname="Aman-Anand" failures="0" tests="1" name="com.crm.autodesk.createOpportunitiesWithPOM.CreateOpportunitiesWithClickOnSalesStage" time="26.676" errors="0" timestamp="2022-03-16T16:18:18 IST" skipped="0">
  <testcase classname="com.crm.autodesk.createOpportunitiesWithPOM.CreateOpportunitiesWithClickOnSalesStage" name="createopportunitywithclickonsale" time="26.676"/>
  <system-out/>
</testsuite> <!-- com.crm.autodesk.createOpportunitiesWithPOM.CreateOpportunitiesWithClickOnSalesStage -->
