<?xml version="1.0" encoding="UTF-8"?>
<!-- Generated by org.testng.reporters.JUnitReportReporter -->
<testsuite hostname="Aman-Anand" failures="0" tests="1" name="com.crm.autodesk.createOpportunitiesWithPOM.CreateOpportunitieswithGroupTeamsellingTest" time="13.965" errors="0" timestamp="2022-03-16T16:48:26 IST" skipped="0">
  <testcase classname="com.crm.autodesk.createOpportunitiesWithPOM.CreateOpportunitieswithGroupTeamsellingTest" name="createopportunitieswithgroup" time="13.965"/>
  <system-out/>
</testsuite> <!-- com.crm.autodesk.createOpportunitiesWithPOM.CreateOpportunitieswithGroupTeamsellingTest -->
