<?xml version="1.0" encoding="UTF-8"?>
<!-- Generated by org.testng.reporters.JUnitReportReporter -->
<testsuite hostname="Aman-Anand" failures="0" tests="1" name="selenium_practice.BookHotelOngoibogo" time="76.330" errors="0" timestamp="2022-03-14T10:31:22 IST" skipped="0">
  <testcase classname="selenium_practice.BookHotelOngoibogo" name="bookHotel" time="76.330"/>
  <system-out/>
</testsuite> <!-- selenium_practice.BookHotelOngoibogo -->
