<?xml version="1.0" encoding="UTF-8"?>
<!-- Generated by org.testng.reporters.JUnitReportReporter -->
<testsuite hostname="Aman-Anand" failures="0" tests="1" name="CreateOrganizationWithPOM.CreateorganizationTest" time="28.376" errors="0" timestamp="2022-03-16T13:14:59 IST" skipped="0">
  <testcase classname="CreateOrganizationWithPOM.CreateorganizationTest" name="createorganizationTest" time="28.376"/>
  <system-out/>
</testsuite> <!-- CreateOrganizationWithPOM.CreateorganizationTest -->
