<?xml version="1.0" encoding="UTF-8"?>
<!-- Generated by org.testng.reporters.JUnitReportReporter -->
<testsuite hostname="Aman-Anand" failures="0" tests="1" name="selenium_practice.SelectLastCheckBox" time="20.963" errors="0" timestamp="2022-03-11T09:53:10 IST" skipped="0">
  <testcase classname="selenium_practice.SelectLastCheckBox" name="selectallTextbox" time="20.963"/>
  <system-out/>
</testsuite> <!-- selenium_practice.SelectLastCheckBox -->
