<?xml version="1.0" encoding="UTF-8"?>
<!-- Generated by org.testng.reporters.JUnitReportReporter -->
<testsuite hostname="Aman-Anand" failures="0" tests="5" name="selenium_practice.CreateContactWithDataProvider" time="176.050" errors="0" timestamp="2022-03-14T12:19:18 IST" skipped="0">
  <testcase classname="selenium_practice.CreateContactWithDataProvider" name="multipleData" time="30.988"/>
  <system-out/>
  <testcase classname="selenium_practice.CreateContactWithDataProvider" name="multipleData" time="31.533"/>
  <system-out/>
  <testcase classname="selenium_practice.CreateContactWithDataProvider" name="multipleData" time="48.253"/>
  <system-out/>
  <testcase classname="selenium_practice.CreateContactWithDataProvider" name="multipleData" time="31.409"/>
  <system-out/>
  <testcase classname="selenium_practice.CreateContactWithDataProvider" name="multipleData" time="33.867"/>
  <system-out/>
</testsuite> <!-- selenium_practice.CreateContactWithDataProvider -->
