<?xml version="1.0" encoding="UTF-8"?>
<!-- Generated by org.testng.reporters.JUnitReportReporter -->
<testsuite hostname="Aman-Anand" failures="0" tests="1" name="practiceForTestNG.CreateContactTest" time="0.001" errors="0" timestamp="2022-03-15T17:03:33 IST" skipped="0">
  <testcase classname="practiceForTestNG.CreateContactTest" name="contactWithNumber" time="0.001"/>
  <system-out/>
</testsuite> <!-- practiceForTestNG.CreateContactTest -->
