<?xml version="1.0" encoding="UTF-8"?>
<!-- Generated by org.testng.reporters.JUnitReportReporter -->
<testsuite hostname="Aman-Anand" failures="0" tests="1" name="practiceForTestNG.CampignTest" time="0.002" errors="0" timestamp="2022-03-15T17:03:33 IST" skipped="0">
  <testcase classname="practiceForTestNG.CampignTest" name="createcampignwithMandatoryField" time="0.002"/>
  <system-out/>
</testsuite> <!-- practiceForTestNG.CampignTest -->
