<?xml version="1.0" encoding="UTF-8"?>
<!-- Generated by org.testng.reporters.JUnitReportReporter -->
<testsuite hostname="Aman-Anand" failures="0" tests="1" name="com.crm.autodesk.contacttest.CreateContactWithOrganizationTest" time="53.924" errors="0" timestamp="2022-03-16T13:14:59 IST" skipped="0">
  <testcase classname="com.crm.autodesk.contacttest.CreateContactWithOrganizationTest" name="createcontactwithOrg" time="53.924"/>
  <system-out/>
</testsuite> <!-- com.crm.autodesk.contacttest.CreateContactWithOrganizationTest -->
