<?xml version="1.0" encoding="UTF-8"?>
<!-- Generated by org.testng.reporters.JUnitReportReporter -->
<testsuite hostname="Aman-Anand" failures="0" tests="1" name="practiceForTestNG.DataDrivenFromTestngTest" time="0.009" errors="0" timestamp="2022-03-16T15:07:25 IST" skipped="0">
  <testcase classname="practiceForTestNG.DataDrivenFromTestngTest" name="getvalues" time="0.009"/>
  <system-out/>
</testsuite> <!-- practiceForTestNG.DataDrivenFromTestngTest -->
