<?xml version="1.0" encoding="UTF-8"?>
<!-- Generated by org.testng.reporters.JUnitReportReporter -->
<testsuite hostname="Aman-Anand" failures="0" tests="1" name="selenium_practice.SelectNextdateAndBookFlight" time="153.777" errors="0" timestamp="2022-03-11T09:58:34 IST" skipped="0">
  <testcase classname="selenium_practice.SelectNextdateAndBookFlight" name="selectPresntDate" time="153.777"/>
  <system-out/>
</testsuite> <!-- selenium_practice.SelectNextdateAndBookFlight -->
