<?xml version="1.0" encoding="UTF-8"?>
<!-- Generated by org.testng.reporters.JUnitReportReporter -->
<testsuite hostname="Aman-Anand" failures="0" tests="1" name="conatact.CreateContact" time="22.182" errors="0" timestamp="2022-03-16T13:14:59 IST" skipped="0">
  <testcase classname="conatact.CreateContact" name="createContact" time="22.182"/>
  <system-out/>
</testsuite> <!-- conatact.CreateContact -->
