<?xml version="1.0" encoding="UTF-8"?>
<!-- Generated by org.testng.reporters.JUnitReportReporter -->
<testsuite hostname="Aman-Anand" failures="0" tests="1" name="selenium_practice.SelectAllCheckbox" time="10.918" errors="0" timestamp="2022-03-10T17:58:22 IST" skipped="0">
  <testcase classname="selenium_practice.SelectAllCheckbox" name="selectallTextbox" time="10.918"/>
  <system-out/>
</testsuite> <!-- selenium_practice.SelectAllCheckbox -->
